0 info it worked if it ends with ok
1 verbose cli [ 'C:\\Program Files\\nodejs\\node.exe',
1 verbose cli   'C:\\Program Files\\nodejs\\node_modules\\npm\\bin\\npm-cli.js',
1 verbose cli   'run',
1 verbose cli   'docs:publish' ]
2 info using npm@3.10.9
3 info using node@v6.9.2
4 verbose run-script [ 'predocs:publish', 'docs:publish', 'postdocs:publish' ]
5 info lifecycle feature-u@0.1.0~predocs:publish: feature-u@0.1.0
6 silly lifecycle feature-u@0.1.0~predocs:publish: no script for predocs:publish, continuing
7 info lifecycle feature-u@0.1.0~docs:publish: feature-u@0.1.0
8 verbose lifecycle feature-u@0.1.0~docs:publish: unsafe-perm in lifecycle true
9 verbose lifecycle feature-u@0.1.0~docs:publish: PATH: C:\Program Files\nodejs\node_modules\npm\bin\node-gyp-bin;C:\dev\feature-u\node_modules\.bin;C:\cygwin\usr\local\bin;C:\cygwin\bin;C:\Program Files (x86)\Intel\iCLS Client;C:\ProgramData\Oracle\Java\javapath;C:\Program Files\Intel\iCLS Client;C:\WINDOWS\system32;C:\WINDOWS;C:\WINDOWS\System32\Wbem;C:\WINDOWS\System32\WindowsPowerShell\v1.0;C:\Program Files\nodejs;C:\Program Files (x86)\Skype\Phone;C:\Program Files (x86)\Intel\Intel(R) Management Engine Components\DAL;C:\Program Files\Intel\Intel(R) Management Engine Components\DAL;C:\Program Files (x86)\Intel\Intel(R) Management Engine Components\IPT;C:\Program Files\Intel\Intel(R) Management Engine Components\IPT;C:\Program Files\Intel\WiFi\bin;C:\Program Files\Common Files\Intel\WirelessCommon;C:\Users\kevin\AppData\Roaming\npm;C:\Users\kevin\AppData\Local\Microsoft\WindowsApps;C:\Users\kevin\AppData\Local\Android\sdk\platform-tools;C:\Users\kevin\AppData\Local\GitHubDesktop\bin
10 verbose lifecycle feature-u@0.1.0~docs:publish: CWD: C:\dev\feature-u
11 silly lifecycle feature-u@0.1.0~docs:publish: Args: [ '/d /s /c', 'gh-pages --dist _docs' ]
12 silly lifecycle feature-u@0.1.0~docs:publish: Returned: code: 3221225786  signal: null
13 info lifecycle feature-u@0.1.0~docs:publish: Failed to exec docs:publish script
14 verbose stack Error: feature-u@0.1.0 docs:publish: `gh-pages --dist _docs`
14 verbose stack Exit status 3221225786
14 verbose stack     at EventEmitter.<anonymous> (C:\Program Files\nodejs\node_modules\npm\lib\utils\lifecycle.js:255:16)
14 verbose stack     at emitTwo (events.js:106:13)
14 verbose stack     at EventEmitter.emit (events.js:191:7)
14 verbose stack     at ChildProcess.<anonymous> (C:\Program Files\nodejs\node_modules\npm\lib\utils\spawn.js:40:14)
14 verbose stack     at emitTwo (events.js:106:13)
14 verbose stack     at ChildProcess.emit (events.js:191:7)
14 verbose stack     at maybeClose (internal/child_process.js:877:16)
14 verbose stack     at Process.ChildProcess._handle.onexit (internal/child_process.js:226:5)
15 verbose pkgid feature-u@0.1.0
16 verbose cwd C:\dev\feature-u\_docs
17 error Windows_NT 10.0.16299
18 error argv "C:\\Program Files\\nodejs\\node.exe" "C:\\Program Files\\nodejs\\node_modules\\npm\\bin\\npm-cli.js" "run" "docs:publish"
19 error node v6.9.2
20 error npm  v3.10.9
21 error code ELIFECYCLE
22 error feature-u@0.1.0 docs:publish: `gh-pages --dist _docs`
22 error Exit status 3221225786
23 error Failed at the feature-u@0.1.0 docs:publish script 'gh-pages --dist _docs'.
23 error Make sure you have the latest version of node.js and npm installed.
23 error If you do, this is most likely a problem with the feature-u package,
23 error not with npm itself.
23 error Tell the author that this fails on your system:
23 error     gh-pages --dist _docs
23 error You can get information on how to open an issue for this project with:
23 error     npm bugs feature-u
23 error Or if that isn't available, you can get their info via:
23 error     npm owner ls feature-u
23 error There is likely additional logging output above.
24 verbose exit [ 1, true ]
